#
# A fatal error has been detected by the Java Runtime Environment:
#
#  SIGBUS (0x7) at pc=0x00007fcb6ed6aa32, pid=4696, tid=0x00007fcb21e2b700
#
# JRE version: Java(TM) SE Runtime Environment (8.0_111-b14) (build 1.8.0_111-b14)
# Java VM: Java HotSpot(TM) 64-Bit Server VM (25.111-b14 mixed mode linux-amd64 compressed oops)
# Problematic frame:
# C  [libzip.so+0x11a32]  newEntry+0x62
#
# Failed to write core dump. Core dumps have been disabled. To enable core dumping, try "ulimit -c unlimited" before starting Java again
#
# If you would like to submit a bug report, please visit:
#   http://bugreport.java.com/bugreport/crash.jsp
# The crash happened outside the Java Virtual Machine in native code.
# See problematic frame for where to report the bug.
#

---------------  T H R E A D  ---------------

Current thread (0x00007fcb70b1f800):  JavaThread "Timer-1" daemon [_thread_in_native, id=4719, stack(0x00007fcb21d2b000,0x00007fcb21e2c000)]

siginfo: si_signo: 7 (SIGBUS), si_code: 2 (BUS_ADRERR), si_addr: 0x00007fcb225cebcd

Registers:
RAX=0x00007fcb0842b800, RBX=0x00007fcb708421b0, RCX=0x00007fcb08000020, RDX=0x00007fcb0842b800
RSP=0x00007fcb21e25190, RBP=0x00007fcb21e251e0, RSI=0x00007fcb08000038, RDI=0x0000000000000003
R8 =0x0000000000000000, R9 =0x00007fcb21e25260, R10=0x00007fcb0842b7f0, R11=0x00000000d9325ad8
R12=0x00007fcb225cebb0, R13=0x00007fcb0842b800, R14=0x000000004d19c305, R15=0x00007fcb7082c340
RIP=0x00007fcb6ed6aa32, EFLAGS=0x0000000000010202, CSGSFS=0x0000000000000033, ERR=0x0000000000000004
  TRAPNO=0x000000000000000e

Top of Stack: (sp=0x00007fcb21e25190)
0x00007fcb21e25190:   00000000d9324108 0000000000000000
0x00007fcb21e251a0:   00000001000007a8 00007fcb74dccb4e
0x00007fcb21e251b0:   00007fcb0842b800 00007fcb708421b0
0x00007fcb21e251c0:   00007fcb083347d0 00007fcb7082c340
0x00007fcb21e251d0:   000000004d19c305 0000000000000042
0x00007fcb21e251e0:   00007fcb21e25240 00007fcb6ed6b18f
0x00007fcb21e251f0:   00007fcb70b1f800 0100000000000000
0x00007fcb21e25200:   00007fcb21e25260 00007fcb21e252a3
0x00007fcb21e25210:   00007fcb21e252a1 00007fcb21e25260
0x00007fcb21e25220:   0000000000000042 00007fcb70b1f9f8
0x00007fcb21e25230:   00007fcb21e256b8 0000000000000001
0x00007fcb21e25240:   00007fcb21e256a0 00007fcb6ed5cec0
0x00007fcb21e25250:   00007fcb7544d750 00007fcb7082c340
0x00007fcb21e25260:   676f6f672f6d6f63 6e657070612f656c
0x00007fcb21e25270:   6970612f656e6967 686361636d656d2f
0x00007fcb21e25280:   6361636d654d2f65 6369767265536568
0x00007fcb21e25290:   79726f7463614665 616c632e6c706d49
0x00007fcb21e252a0:   0000000000007373 0000000000000000
0x00007fcb21e252b0:   0000003000000018 00007fcb21e253f0
0x00007fcb21e252c0:   00007fcb21e25300 0000000085169d50
0x00007fcb21e252d0:   000000000000000d 00007fcb08334f58
0x00007fcb21e252e0:   00007fcb70b1f800 00000000d9324318
0x00007fcb21e252f0:   00007fcb0000000d 00000000000000be
0x00007fcb21e25300:   00007fcb21e25370 00007fcb21e25650
0x00007fcb21e25310:   00007fcb5fd9fc20 00007fcb70099810
0x00007fcb21e25320:   ffff8034de1dac91 00007fcb21e2536f
0x00007fcb21e25330:   0000000000000003 000000330000000d
0x00007fcb21e25340:   00000001000007a8 00000001000007a8
0x00007fcb21e25350:   0000000021e253e0 00007fcb74bbce03
0x00007fcb21e25360:   0000000000000000 00007fcb0842b290
0x00007fcb21e25370:   00007fcb70b1f800 0000000000000000
0x00007fcb21e25380:   00000000d93243c8 00007fcb00000001 

Instructions: (pc=0x00007fcb6ed6aa32)
0x00007fcb6ed6aa12:   00 48 c7 40 28 00 00 00 00 41 80 7f 30 00 0f 84
0x00007fcb6ed6aa22:   8a 02 00 00 4c 8b 63 08 4d 2b 67 28 4d 03 67 18
0x00007fcb6ed6aa32:   41 0f b6 5c 24 1d 41 0f b6 44 24 1c c1 e3 08 09
0x00007fcb6ed6aa42:   c3 41 0f b6 44 24 1e 88 45 bd 41 0f b6 54 24 20 

Register to memory mapping:

RAX=0x00007fcb0842b800 is an unknown value
RBX=0x00007fcb708421b0 is an unknown value
RCX=0x00007fcb08000020 is an unknown value
RDX=0x00007fcb0842b800 is an unknown value
RSP=0x00007fcb21e25190 is pointing into the stack for thread: 0x00007fcb70b1f800
RBP=0x00007fcb21e251e0 is pointing into the stack for thread: 0x00007fcb70b1f800
RSI=0x00007fcb08000038 is an unknown value
RDI=0x0000000000000003 is an unknown value
R8 =0x0000000000000000 is an unknown value
R9 =0x00007fcb21e25260 is pointing into the stack for thread: 0x00007fcb70b1f800
R10=0x00007fcb0842b7f0 is an unknown value
R11=0x00000000d9325ad8 is an oop
